Using pre-set license
Built from '2021.1/staging' branch; Version is '2021.1.7f1 (d91830b65d9b) revision 14227504'; Using compiler version '192528614'; Build Type 'Release'
OS: 'Windows 10 Pro; OS build 22621.2715; Version 2009; 64bit' Language: 'zh' Physical Memory: 130885 MB
BatchMode: 1, IsHumanControllingUs: 0, StartBugReporterOnCrash: 0, Is64bit: 1, IsPro: 0

 COMMAND LINE ARGUMENTS:
C:\Program Files\Unity\Hub\Editor\2021.1.7f1\Editor\Unity.exe
-adb2
-batchMode
-noUpm
-name
AssetImportWorker0
-projectPath
E:/ATLAS/ATLAS/ATLAS
-logFile
Logs/AssetImportWorker0.log
-srvPort
55904
Successfully changed project path to: E:/ATLAS/ATLAS/ATLAS
E:/ATLAS/ATLAS/ATLAS
Using Asset Import Pipeline V2.
Refreshing native plugins compatible for Editor in 20.42 ms, found 0 plugins.
Preloading 0 native plugins for Editor in 0.00 ms.
Initialize engine version: 2021.1.7f1 (d91830b65d9b)
[Subsystems] Discovering subsystems at path C:/Program Files/Unity/Hub/Editor/2021.1.7f1/Editor/Data/Resources/UnitySubsystems
[Subsystems] Discovering subsystems at path E:/ATLAS/ATLAS/ATLAS/Assets
GfxDevice: creating device client; threaded=0; jobified=0
Direct3D:
    Version:  Direct3D 11.0 [level 11.1]
    Renderer: NVIDIA GeForce RTX 3080 (ID=0x2206)
    Vendor:   NVIDIA
    VRAM:     10067 MB
    Driver:   31.0.15.3742
Shader 'Universal Render Pipeline/Particles/Lit': fallback shader 'Universal Render Pipeline/Particles/SimpleLit' not found
Initialize mono
Mono path[0] = 'C:/Program Files/Unity/Hub/Editor/2021.1.7f1/Editor/Data/Managed'
Mono path[1] = 'C:/Program Files/Unity/Hub/Editor/2021.1.7f1/Editor/Data/MonoBleedingEdge/lib/mono/unityjit'
Mono config path = 'C:/Program Files/Unity/Hub/Editor/2021.1.7f1/Editor/Data/MonoBleedingEdge/etc'
Using monoOptions --debugger-agent=transport=dt_socket,embedding=1,server=y,suspend=n,address=127.0.0.1:56740
Begin MonoManager ReloadAssembly
Registering precompiled unity dll's ...
Register platform support module: C:/Program Files/Unity/Hub/Editor/2021.1.7f1/Editor/Data/PlaybackEngines/WindowsStandaloneSupport/UnityEditor.WindowsStandalone.Extensions.dll
Registered in 0.000596 seconds.
Native extension for WindowsStandalone target not found
Refreshing native plugins compatible for Editor in 20.86 ms, found 0 plugins.
Preloading 0 native plugins for Editor in 0.00 ms.
Mono: successfully reloaded assembly
- Completed reload, in  0.439 seconds
Platform modules already initialized, skipping
Registering precompiled user dll's ...
Registered in 0.000357 seconds.
Begin MonoManager ReloadAssembly
Native extension for WindowsStandalone target not found
Refreshing native plugins compatible for Editor in 20.84 ms, found 0 plugins.
Preloading 0 native plugins for Editor in 0.00 ms.
Mono: successfully reloaded assembly
- Completed reload, in  0.457 seconds
Platform modules already initialized, skipping
========================================================================
Worker process is ready to serve import requests
Shader 'Universal Render Pipeline/Particles/Lit': fallback shader 'Universal Render Pipeline/Particles/SimpleLit' not found
Launched and connected shader compiler UnityShaderCompiler.exe after 0.02 seconds
Refreshing native plugins compatible for Editor in 0.23 ms, found 0 plugins.
Preloading 0 native plugins for Editor in 0.00 ms.
Unloading 2172 Unused Serialized files (Serialized files now loaded: 0)
System memory in use before: 107.4 MB.
System memory in use after: 107.5 MB.

Unloading 13 unused Assets to reduce memory usage. Loaded Objects now: 2630.
Total: 1.839600 ms (FindLiveObjects: 0.128900 ms CreateObjectMapping: 0.025500 ms MarkObjects: 1.630300 ms  DeleteObjects: 0.054200 ms)

========================================================================
Received Import Request.
  path: Assets
  artifactKey: Guid(00000000000000001000000000000000) Importer(815301076,1909f56bfc062723c751e8b465ee728b)
Start importing Assets using Guid(00000000000000001000000000000000) Importer(815301076,1909f56bfc062723c751e8b465ee728b)  -> (artifact id: '42d402b061de3733987d63b9cc3b64de') in 0.007070 seconds 
========================================================================
Received Import Request.
  Time since last request: 27.149204 seconds.
  path: Assets/Rendering
  artifactKey: Guid(fcd1495b9fc3055499ed0cdb91488c40) Importer(815301076,1909f56bfc062723c751e8b465ee728b)
Start importing Assets/Rendering using Guid(fcd1495b9fc3055499ed0cdb91488c40) Importer(815301076,1909f56bfc062723c751e8b465ee728b)  -> (artifact id: 'f40faf480e958b1832474e040d970c72') in 0.005548 seconds 
========================================================================
Received Import Request.
  Time since last request: 45.000480 seconds.
  path: Assets/Rendering/UniversalRenderPipelineAsset.asset
  artifactKey: Guid(48b14d7b0d277de47a1dbddd69ba9b10) Importer(815301076,1909f56bfc062723c751e8b465ee728b)
Start importing Assets/Rendering/UniversalRenderPipelineAsset.asset using Guid(48b14d7b0d277de47a1dbddd69ba9b10) Importer(815301076,1909f56bfc062723c751e8b465ee728b)  -> (artifact id: '7aa741ec2a2ebc9480808f1900a807e4') in 0.030582 seconds 
========================================================================
Received Import Request.
  Time since last request: 32.976578 seconds.
  path: Assets/Scenes
  artifactKey: Guid(d932e3a9e85e5744d89bb73a03f0fd32) Importer(815301076,1909f56bfc062723c751e8b465ee728b)
Start importing Assets/Scenes using Guid(d932e3a9e85e5744d89bb73a03f0fd32) Importer(815301076,1909f56bfc062723c751e8b465ee728b)  -> (artifact id: '23e721fd669b5f99dad333b3f0d6d65a') in 0.005118 seconds 
========================================================================
Received Import Request.
  Time since last request: 0.291473 seconds.
  path: Assets/Rendering/UniversalRenderPipelineAsset_Renderer.asset
  artifactKey: Guid(a247eb945a8059e48a6eaf26821cb1df) Importer(815301076,1909f56bfc062723c751e8b465ee728b)
Start importing Assets/Rendering/UniversalRenderPipelineAsset_Renderer.asset using Guid(a247eb945a8059e48a6eaf26821cb1df) Importer(815301076,1909f56bfc062723c751e8b465ee728b)  -> (artifact id: '199b9ecd2ff92c99b78ac302abfd43ee') in 0.005492 seconds 
========================================================================
Received Prepare
Switching render pipeline 00000000000000000000000000000000 -> 48b14d7b0d277de47a1dbddd69ba9b10
Shader 'Universal Render Pipeline/Particles/Lit': fallback shader 'Universal Render Pipeline/Particles/SimpleLit' not found
Refreshing native plugins compatible for Editor in 0.43 ms, found 0 plugins.
Preloading 0 native plugins for Editor in 0.00 ms.
Unloading 5 Unused Serialized files (Serialized files now loaded: 0)
System memory in use before: 59.8 MB.
System memory in use after: 59.9 MB.

Unloading 3 unused Assets to reduce memory usage. Loaded Objects now: 2632.
Total: 2.144300 ms (FindLiveObjects: 0.121000 ms CreateObjectMapping: 0.032300 ms MarkObjects: 1.977500 ms  DeleteObjects: 0.012800 ms)

========================================================================
Received Prepare
Registering precompiled user dll's ...
Registered in 0.000514 seconds.
Begin MonoManager ReloadAssembly
Native extension for WindowsStandalone target not found
Refreshing native plugins compatible for Editor in 0.44 ms, found 0 plugins.
Preloading 0 native plugins for Editor in 0.00 ms.
Mono: successfully reloaded assembly
- Completed reload, in  0.422 seconds
Platform modules already initialized, skipping
Shader 'Universal Render Pipeline/Particles/Lit': fallback shader 'Universal Render Pipeline/Particles/SimpleLit' not found
Refreshing native plugins compatible for Editor in 0.42 ms, found 0 plugins.
Preloading 0 native plugins for Editor in 0.00 ms.
Unloading 2110 Unused Serialized files (Serialized files now loaded: 0)
System memory in use before: 103.8 MB.
System memory in use after: 103.9 MB.

Unloading 5 unused Assets to reduce memory usage. Loaded Objects now: 2635.
Total: 1.047600 ms (FindLiveObjects: 0.077900 ms CreateObjectMapping: 0.021900 ms MarkObjects: 0.935400 ms  DeleteObjects: 0.011600 ms)

========================================================================
Received Import Request.
  Time since last request: 606.194211 seconds.
  path: Assets/CourseAssets
  artifactKey: Guid(26124588896f3804da1e87dd6d404eac) Importer(815301076,1909f56bfc062723c751e8b465ee728b)
Start importing Assets/CourseAssets using Guid(26124588896f3804da1e87dd6d404eac) Importer(815301076,1909f56bfc062723c751e8b465ee728b)  -> (artifact id: '834ae94d3f05e4b53b8ca55b51dbe810') in 0.006985 seconds 
========================================================================
Received Import Request.
  Time since last request: 97.204399 seconds.
  path: Assets/Scripts
  artifactKey: Guid(7d80db2bad25bd14384fc3ea0fa76685) Importer(815301076,1909f56bfc062723c751e8b465ee728b)
Start importing Assets/Scripts using Guid(7d80db2bad25bd14384fc3ea0fa76685) Importer(815301076,1909f56bfc062723c751e8b465ee728b)  -> (artifact id: '58d2edc1672d39655cfff67bbf0471b5') in 0.005173 seconds 
========================================================================
Received Import Request.
  Time since last request: 15.724419 seconds.
  path: Assets/Scripts/NodeGraph
  artifactKey: Guid(6b855981295125f4cb8e71cb2ab24301) Importer(815301076,1909f56bfc062723c751e8b465ee728b)
Start importing Assets/Scripts/NodeGraph using Guid(6b855981295125f4cb8e71cb2ab24301) Importer(815301076,1909f56bfc062723c751e8b465ee728b)  -> (artifact id: 'ea6df91060cbcfaaf42953c9c6f609f6') in 0.005940 seconds 
========================================================================
Received Import Request.
  Time since last request: 7.784907 seconds.
  path: Assets/Scripts/NodeGraph/Editor
  artifactKey: Guid(2e56dd93bfbdba44a9fbfa9088451c79) Importer(815301076,1909f56bfc062723c751e8b465ee728b)
Start importing Assets/Scripts/NodeGraph/Editor using Guid(2e56dd93bfbdba44a9fbfa9088451c79) Importer(815301076,1909f56bfc062723c751e8b465ee728b)  -> (artifact id: '53cc31f29212c8d078dbcf5c766196f5') in 0.005556 seconds 
========================================================================
Received Prepare
Registering precompiled user dll's ...
Registered in 0.000520 seconds.
Begin MonoManager ReloadAssembly
Native extension for WindowsStandalone target not found
Refreshing native plugins compatible for Editor in 0.42 ms, found 0 plugins.
Preloading 0 native plugins for Editor in 0.00 ms.
Mono: successfully reloaded assembly
- Completed reload, in  0.422 seconds
Platform modules already initialized, skipping
Shader 'Universal Render Pipeline/Particles/Lit': fallback shader 'Universal Render Pipeline/Particles/SimpleLit' not found
Refreshing native plugins compatible for Editor in 0.41 ms, found 0 plugins.
Preloading 0 native plugins for Editor in 0.00 ms.
Unloading 2111 Unused Serialized files (Serialized files now loaded: 0)
System memory in use before: 103.8 MB.
System memory in use after: 103.9 MB.

Unloading 5 unused Assets to reduce memory usage. Loaded Objects now: 2638.
Total: 1.117500 ms (FindLiveObjects: 0.084000 ms CreateObjectMapping: 0.020200 ms MarkObjects: 1.003900 ms  DeleteObjects: 0.008900 ms)

========================================================================
Received Import Request.
  Time since last request: 7.676981 seconds.
  path: Assets/Scripts/NodeGraph/Editor/NewBehaviourScript.cs
  artifactKey: Guid(df492213fbda2a6459b5d984f4cd2663) Importer(815301076,1909f56bfc062723c751e8b465ee728b)
Start importing Assets/Scripts/NodeGraph/Editor/NewBehaviourScript.cs using Guid(df492213fbda2a6459b5d984f4cd2663) Importer(815301076,1909f56bfc062723c751e8b465ee728b)  -> (artifact id: '0797f1587ae07310046bd351e09122c7') in 0.013610 seconds 
========================================================================
Received Import Request.
  Time since last request: 15.105352 seconds.
  path: Assets/Scripts/NodeGraph/Editor/RoomNodeGraphEditor.cs
  artifactKey: Guid(df492213fbda2a6459b5d984f4cd2663) Importer(815301076,1909f56bfc062723c751e8b465ee728b)
Start importing Assets/Scripts/NodeGraph/Editor/RoomNodeGraphEditor.cs using Guid(df492213fbda2a6459b5d984f4cd2663) Importer(815301076,1909f56bfc062723c751e8b465ee728b)  -> (artifact id: '1849496981a04090f9e5ab813143d276') in 0.011255 seconds 
========================================================================
Received Prepare
Registering precompiled user dll's ...
Registered in 0.000692 seconds.
Begin MonoManager ReloadAssembly
Native extension for WindowsStandalone target not found
Refreshing native plugins compatible for Editor in 0.43 ms, found 0 plugins.
Preloading 0 native plugins for Editor in 0.00 ms.
Mono: successfully reloaded assembly
- Completed reload, in  0.427 seconds
Platform modules already initialized, skipping
Shader 'Universal Render Pipeline/Particles/Lit': fallback shader 'Universal Render Pipeline/Particles/SimpleLit' not found
Refreshing native plugins compatible for Editor in 0.40 ms, found 0 plugins.
Preloading 0 native plugins for Editor in 0.00 ms.
Unloading 2111 Unused Serialized files (Serialized files now loaded: 0)
System memory in use before: 103.9 MB.
System memory in use after: 104.0 MB.

Unloading 5 unused Assets to reduce memory usage. Loaded Objects now: 2640.
Total: 1.067100 ms (FindLiveObjects: 0.080800 ms CreateObjectMapping: 0.023500 ms MarkObjects: 0.952900 ms  DeleteObjects: 0.009400 ms)

========================================================================
Received Import Request.
  Time since last request: 312.290447 seconds.
  path: Assets/Scripts/NodeGraph/Editor/RoomNodeGraphEditor.cs
  artifactKey: Guid(df492213fbda2a6459b5d984f4cd2663) Importer(815301076,1909f56bfc062723c751e8b465ee728b)
Start importing Assets/Scripts/NodeGraph/Editor/RoomNodeGraphEditor.cs using Guid(df492213fbda2a6459b5d984f4cd2663) Importer(815301076,1909f56bfc062723c751e8b465ee728b)  -> (artifact id: '2bc25f9de51153534ef5b0d19f33c42a') in 0.008045 seconds 
========================================================================
Received Import Request.
  Time since last request: 40.960784 seconds.
  path: Assets/Scripts/NodeGraph/Editor/RoomNodeGraphEditor.cs
  artifactKey: Guid(df492213fbda2a6459b5d984f4cd2663) Importer(815301076,1909f56bfc062723c751e8b465ee728b)
Start importing Assets/Scripts/NodeGraph/Editor/RoomNodeGraphEditor.cs using Guid(df492213fbda2a6459b5d984f4cd2663) Importer(815301076,1909f56bfc062723c751e8b465ee728b)  -> (artifact id: '8a2706164b71cb9f74bb38c379c960cb') in 0.001236 seconds 
========================================================================
Received Import Request.
  Time since last request: 33.347998 seconds.
  path: Assets/Scripts/NodeGraph/Editor/RoomNodeGraphEditor.cs
  artifactKey: Guid(df492213fbda2a6459b5d984f4cd2663) Importer(815301076,1909f56bfc062723c751e8b465ee728b)
Start importing Assets/Scripts/NodeGraph/Editor/RoomNodeGraphEditor.cs using Guid(df492213fbda2a6459b5d984f4cd2663) Importer(815301076,1909f56bfc062723c751e8b465ee728b)  -> (artifact id: 'eb594e13fdfd5051029e73903e78b1e5') in 0.002348 seconds 
========================================================================
Received Import Request.
  Time since last request: 26.562309 seconds.
  path: Assets/Scripts/NodeGraph/Editor/RoomNodeGraphEditor.cs
  artifactKey: Guid(df492213fbda2a6459b5d984f4cd2663) Importer(815301076,1909f56bfc062723c751e8b465ee728b)
Start importing Assets/Scripts/NodeGraph/Editor/RoomNodeGraphEditor.cs using Guid(df492213fbda2a6459b5d984f4cd2663) Importer(815301076,1909f56bfc062723c751e8b465ee728b)  -> (artifact id: 'a8f14578b1b1b2e44cfca9c320b609e6') in 0.001538 seconds 
========================================================================
Received Prepare
Registering precompiled user dll's ...
Registered in 0.000750 seconds.
Begin MonoManager ReloadAssembly
Native extension for WindowsStandalone target not found
Refreshing native plugins compatible for Editor in 0.47 ms, found 0 plugins.
Preloading 0 native plugins for Editor in 0.00 ms.
Mono: successfully reloaded assembly
- Completed reload, in  0.420 seconds
Platform modules already initialized, skipping
Shader 'Universal Render Pipeline/Particles/Lit': fallback shader 'Universal Render Pipeline/Particles/SimpleLit' not found
Refreshing native plugins compatible for Editor in 0.44 ms, found 0 plugins.
Preloading 0 native plugins for Editor in 0.00 ms.
Unloading 2111 Unused Serialized files (Serialized files now loaded: 0)
System memory in use before: 103.9 MB.
System memory in use after: 104.0 MB.

Unloading 5 unused Assets to reduce memory usage. Loaded Objects now: 2642.
Total: 1.053600 ms (FindLiveObjects: 0.081000 ms CreateObjectMapping: 0.022300 ms MarkObjects: 0.940700 ms  DeleteObjects: 0.009200 ms)

========================================================================
Received Import Request.
  Time since last request: 28.652183 seconds.
  path: Assets/Scripts/NodeGraph/Editor/RoomNodeGraphEditor.cs
  artifactKey: Guid(df492213fbda2a6459b5d984f4cd2663) Importer(815301076,1909f56bfc062723c751e8b465ee728b)
Start importing Assets/Scripts/NodeGraph/Editor/RoomNodeGraphEditor.cs using Guid(df492213fbda2a6459b5d984f4cd2663) Importer(815301076,1909f56bfc062723c751e8b465ee728b)  -> (artifact id: 'f498c142f2dfa138e4db9ec5b7d86702') in 0.002227 seconds 
========================================================================
Received Import Request.
  Time since last request: 999.748430 seconds.
  path: Assets/Scripts/NodeGraph/Editor/RoomNodeGraphEditor.cs
  artifactKey: Guid(df492213fbda2a6459b5d984f4cd2663) Importer(815301076,1909f56bfc062723c751e8b465ee728b)
Start importing Assets/Scripts/NodeGraph/Editor/RoomNodeGraphEditor.cs using Guid(df492213fbda2a6459b5d984f4cd2663) Importer(815301076,1909f56bfc062723c751e8b465ee728b)  -> (artifact id: '12706943d0226fb0b2c515ade6795536') in 0.003705 seconds 
========================================================================
Received Import Request.
  Time since last request: 13.326711 seconds.
  path: Assets/Scripts/NodeGraph/Editor/RoomNodeGraphEditor.cs
  artifactKey: Guid(df492213fbda2a6459b5d984f4cd2663) Importer(815301076,1909f56bfc062723c751e8b465ee728b)
Start importing Assets/Scripts/NodeGraph/Editor/RoomNodeGraphEditor.cs using Guid(df492213fbda2a6459b5d984f4cd2663) Importer(815301076,1909f56bfc062723c751e8b465ee728b)  -> (artifact id: '1b27308215afdc52df6b12519d10e680') in 0.001022 seconds 
========================================================================
Received Prepare
Registering precompiled user dll's ...
Registered in 0.000592 seconds.
Begin MonoManager ReloadAssembly
Native extension for WindowsStandalone target not found
Refreshing native plugins compatible for Editor in 0.39 ms, found 0 plugins.
Preloading 0 native plugins for Editor in 0.00 ms.
Mono: successfully reloaded assembly
- Completed reload, in  0.422 seconds
Platform modules already initialized, skipping
Shader 'Universal Render Pipeline/Particles/Lit': fallback shader 'Universal Render Pipeline/Particles/SimpleLit' not found
Refreshing native plugins compatible for Editor in 0.44 ms, found 0 plugins.
Preloading 0 native plugins for Editor in 0.00 ms.
Unloading 2111 Unused Serialized files (Serialized files now loaded: 0)
System memory in use before: 103.9 MB.
System memory in use after: 104.0 MB.

Unloading 5 unused Assets to reduce memory usage. Loaded Objects now: 2644.
Total: 1.183400 ms (FindLiveObjects: 0.079900 ms CreateObjectMapping: 0.022700 ms MarkObjects: 1.068700 ms  DeleteObjects: 0.011500 ms)

========================================================================
Received Import Request.
  Time since last request: 26.789596 seconds.
  path: Assets/Scripts/NodeGraph/Editor/RoomNodeGraphEditor.cs
  artifactKey: Guid(df492213fbda2a6459b5d984f4cd2663) Importer(815301076,1909f56bfc062723c751e8b465ee728b)
Start importing Assets/Scripts/NodeGraph/Editor/RoomNodeGraphEditor.cs using Guid(df492213fbda2a6459b5d984f4cd2663) Importer(815301076,1909f56bfc062723c751e8b465ee728b)  -> (artifact id: 'd701fd9aff574a5ac8f564cd0fd88f14') in 0.002050 seconds 
========================================================================
Received Prepare
Registering precompiled user dll's ...
Registered in 0.000562 seconds.
Begin MonoManager ReloadAssembly
Native extension for WindowsStandalone target not found
Refreshing native plugins compatible for Editor in 0.40 ms, found 0 plugins.
Preloading 0 native plugins for Editor in 0.00 ms.
Mono: successfully reloaded assembly
- Completed reload, in  0.408 seconds
Platform modules already initialized, skipping
Shader 'Universal Render Pipeline/Particles/Lit': fallback shader 'Universal Render Pipeline/Particles/SimpleLit' not found
Refreshing native plugins compatible for Editor in 0.40 ms, found 0 plugins.
Preloading 0 native plugins for Editor in 0.00 ms.
Unloading 2111 Unused Serialized files (Serialized files now loaded: 0)
System memory in use before: 104.0 MB.
System memory in use after: 104.1 MB.

Unloading 5 unused Assets to reduce memory usage. Loaded Objects now: 2646.
Total: 1.238000 ms (FindLiveObjects: 0.075600 ms CreateObjectMapping: 0.023100 ms MarkObjects: 1.128600 ms  DeleteObjects: 0.009600 ms)

========================================================================
Received Import Request.
  Time since last request: 384.364917 seconds.
  path: Assets/Scripts/NodeGraph/Editor/RoomNodeGraphEditor.cs
  artifactKey: Guid(df492213fbda2a6459b5d984f4cd2663) Importer(815301076,1909f56bfc062723c751e8b465ee728b)
Start importing Assets/Scripts/NodeGraph/Editor/RoomNodeGraphEditor.cs using Guid(df492213fbda2a6459b5d984f4cd2663) Importer(815301076,1909f56bfc062723c751e8b465ee728b)  -> (artifact id: '7dd62ac7983aa34f7e88a55ffcf9723a') in 0.005091 seconds 
AssetImportWorkerClient::OnTransportError - code=2 error=End of file
